


ARM Macro Assembler    Page 1 


    1 00000000         ;******************** (C) COPYRIGHT 2011 STMicroelectron
                       ics ********************
    2 00000000         ;* File Name          : startup_stm32f10x_hd.s
    3 00000000         ;* Author             : MCD Application Team
    4 00000000         ;* Version            : V3.5.0
    5 00000000         ;* Date               : 11-March-2011
    6 00000000         ;* Description        : STM32F10x High Density Devices v
                       ector table for MDK-ARM
    7 00000000         ;*                      toolchain.
    8 00000000         ;*                      This module performs:
    9 00000000         ;*                      - Set the initial SP
   10 00000000         ;*                      - Set the initial PC == Reset_Ha
                       ndler
   11 00000000         ;*                      - Set the vector table entries w
                       ith the exceptions ISR address
   12 00000000         ;*                      - Configure the clock system and
                        also configure the external
   13 00000000         ;*                        SRAM mounted on STM3210E-EVAL 
                       board to be used as data
   14 00000000         ;*                        memory (optional, to be enable
                       d by user)
   15 00000000         ;*                      - Branches to __main in the C li
                       brary (which eventually
   16 00000000         ;*                        calls main()).
   17 00000000         ;*                      After Reset the CortexM3 process
                       or is in Thread mode,
   18 00000000         ;*                      priority is Privileged, and the 
                       Stack is set to Main.
   19 00000000         ;* <<< Use Configuration Wizard in Context Menu >>>
   20 00000000         ;*******************************************************
                       ************************
   21 00000000         ; THE PRESENT FIRMWARE WHICH IS FOR GUIDANCE ONLY AIMS A
                       T PROVIDING CUSTOMERS
   22 00000000         ; WITH CODING INFORMATION REGARDING THEIR PRODUCTS IN OR
                       DER FOR THEM TO SAVE TIME.
   23 00000000         ; AS A RESULT, STMICROELECTRONICS SHALL NOT BE HELD LIAB
                       LE FOR ANY DIRECT,
   24 00000000         ; INDIRECT OR CONSEQUENTIAL DAMAGES WITH RESPECT TO ANY 
                       CLAIMS ARISING FROM THE
   25 00000000         ; CONTENT OF SUCH FIRMWARE AND/OR THE USE MADE BY CUSTOM
                       ERS OF THE CODING
   26 00000000         ; INFORMATION CONTAINED HEREIN IN CONNECTION WITH THEIR 
                       PRODUCTS.
   27 00000000         ;*******************************************************
                       ************************
   28 00000000         
   29 00000000         ; Amount of memory (in bytes) allocated for Stack
   30 00000000         ; Tailor this value to your application needs
   31 00000000         ; <h> Stack Configuration
   32 00000000         ;   <o> Stack Size (in Bytes) <0x0-0xFFFFFFFF:8>
   33 00000000         ; </h>
   34 00000000         
   35 00000000 00000400 
                       Stack_Size
                               EQU              0x00000400
   36 00000000         
   37 00000000                 AREA             STACK, NOINIT, READWRITE, ALIGN
=3
   38 00000000         Stack_Mem



ARM Macro Assembler    Page 2 


                               SPACE            Stack_Size
   39 00000400         __initial_sp
   40 00000400         
   41 00000400         ; <h> Heap Configuration
   42 00000400         ;   <o>  Heap Size (in Bytes) <0x0-0xFFFFFFFF:8>
   43 00000400         ; </h>
   44 00000400         
   45 00000400 00010000 
                       Heap_Size
                               EQU              0x0010000
   46 00000400         
   47 00000400                 AREA             HEAP, NOINIT, READWRITE, ALIGN=
3
   48 00000000         __heap_base
   49 00000000         Heap_Mem
                               SPACE            Heap_Size
   50 00010000         __heap_limit
   51 00010000         
   52 00010000                 PRESERVE8
   53 00010000                 THUMB
   54 00010000         
   55 00010000         
   56 00010000         ; Vector Table Mapped to Address 0 at Reset
   57 00010000                 AREA             RESET, DATA, READONLY
   58 00000000                 EXPORT           __Vectors
   59 00000000                 EXPORT           __Vectors_End
   60 00000000                 EXPORT           __Vectors_Size
   61 00000000                 IMPORT           PendSV_Handler
   62 00000000                 IMPORT           OS_CPU_SysTickHandler
   63 00000000                 IMPORT           UART0_IRQHandler
   64 00000000                 IMPORT           UART1_IRQHandler
   65 00000000                 IMPORT           tls_wl_rx_isr
   66 00000000                 IMPORT           tls_wl_mgmt_tx_isr
   67 00000000                 IMPORT           tls_wl_data_tx_isr
   68 00000000                 IMPORT           tls_wl_mac_isr
   69 00000000         ;IMPORT tls_wl_pm_isr
   70 00000000         ;IMPORT SDIO_RX_IRQHandler
   71 00000000         ;IMPORT SDIO_TX_IRQHandler
   72 00000000         ;IMPORT SDIO_RX_CMD_IRQHandler 
   73 00000000         ;IMPORT SDIO_TX_CMD_IRQHandler
   74 00000000                 IMPORT           TIM0_IRQHandler
   75 00000000                 IMPORT           TIM1_IRQHandler
   76 00000000                 IMPORT           TIM2_IRQHandler
   77 00000000                 IMPORT           TIM3_IRQHandler
   78 00000000                 IMPORT           TIM4_IRQHandler
   79 00000000                 IMPORT           TIM5_IRQHandler
   80 00000000                 IMPORT           WDG_IRQHandler
   81 00000000         
   82 00000000         
   83 00000000 00000000 
                       __Vectors
                               DCD              __initial_sp ; Top of Stack
   84 00000004 00000000        DCD              Reset_Handler ; Reset Handler
   85 00000008 00000000        DCD              NMI_Handler ; NMI Handler
   86 0000000C 00000000        DCD              HardFault_Handler ; Hard Fault 
                                                            Handler
   87 00000010 00000000        DCD              MemManage_Handler 
                                                            ; MPU Fault Handler
                                                            



ARM Macro Assembler    Page 3 


   88 00000014 00000000        DCD              BusFault_Handler 
                                                            ; Bus Fault Handler
                                                            
   89 00000018 00000000        DCD              UsageFault_Handler ; Usage Faul
                                                            t Handler
   90 0000001C 00000000        DCD              0           ; Reserved
   91 00000020 00000000        DCD              0           ; Reserved
   92 00000024 00000000        DCD              0           ; Reserved
   93 00000028 00000000        DCD              0           ; Reserved
   94 0000002C 00000000        DCD              SVC_Handler ; SVCall Handler
   95 00000030 00000000        DCD              DebugMon_Handler ; Debug Monito
                                                            r Handler
   96 00000034 00000000        DCD              0           ; Reserved
   97 00000038 00000000        DCD              PendSV_Handler ; PendSV Handler
                                                            
   98 0000003C 00000000        DCD              OS_CPU_SysTickHandler 
                                                            ; SysTick Handler
   99 00000040         
  100 00000040         ; External Interrupts
  101 00000040 00000000        DCD              SDIO_RX_IRQHandler 
                                                            ; Window Watchdog
  102 00000044 00000000        DCD              SDIO_TX_IRQHandler ; PVD throug
                                                            h EXTI Line detect
  103 00000048 00000000        DCD              SDIO_RX_CMD_IRQHandler ; Tamper
                                                            
  104 0000004C 00000000        DCD              SDIO_TX_CMD_IRQHandler ; RTC
  105 00000050 00000000        DCD              tls_wl_mac_isr ; Flash
  106 00000054 00000000        DCD              0           ; rf_cfg
  107 00000058 00000000        DCD              tls_wl_rx_isr ; EXTI Line 0
  108 0000005C 00000000        DCD              tls_wl_mgmt_tx_isr 
                                                            ; EXTI Line 1
  109 00000060 00000000        DCD              tls_wl_data_tx_isr 
                                                            ; EXTI Line 2
  110 00000064 00000000        DCD              PMU_TIMER1_IRQHandler 
                                                            ; pmu_timer1
  111 00000068 00000000        DCD              PMU_TIMER0_IRQHandler 
                                                            ; pmu_timer0
  112 0000006C 00000000        DCD              PMU_GPIO_WAKE_IRQHandler ; gpio
                                                            
  113 00000070 00000000        DCD              PMU_SDIO_WAKE_IRQHandler ; sdio
                                                            
  114 00000074 00000000        DCD              DMA_Channel0_IRQHandler 
                                                            ; DMA1 Channel 3
  115 00000078 00000000        DCD              DMA_Channel1_IRQHandler 
                                                            ; DMA1 Channel 4
  116 0000007C 00000000        DCD              DMA_Channel2_IRQHandler 
                                                            ; DMA1 Channel 5
  117 00000080 00000000        DCD              DMA_Channel3_IRQHandler 
                                                            ; DMA1 Channel 6
  118 00000084 00000000        DCD              DMA_Channel4_7_IRQHandler 
                                                            ; DMA1 Channel 7
  119 00000088 00000000        DCD              DMA_BRUST_IRQHandler 
                                                            ; ADC1 & ADC2
  120 0000008C 00000000        DCD              I2C_IRQHandler ; USB High Prior
                                                            ity or CAN1 TX
  121 00000090 00000000        DCD              ADC_IRQHandler ; USB Low  Prior
                                                            ity or CAN1 RX0
  122 00000094 00000000        DCD              SPI_LS_IRQHandler ; CAN1 RX1
  123 00000098 00000000        DCD              SPI_HS_IRQHandler ; CAN1 SCE



ARM Macro Assembler    Page 4 


  124 0000009C 00000000        DCD              UART0_IRQHandler 
                                                            ; EXTI Line 9..5
  125 000000A0 00000000        DCD              UART1_IRQHandler ; TIM1 Break
  126 000000A4 00000000        DCD              GPIOA_IRQHandler ; TIM1 Update
  127 000000A8 00000000        DCD              TIM0_IRQHandler ; TIM1 Trigger 
                                                            and Commutation
  128 000000AC 00000000        DCD              TIM1_IRQHandler ; TIM1 Capture 
                                                            Compare
  129 000000B0 00000000        DCD              TIM2_IRQHandler ; TIM2
  130 000000B4 00000000        DCD              TIM3_IRQHandler ; TIM3
  131 000000B8 00000000        DCD              TIM4_IRQHandler ; TIM4
  132 000000BC 00000000        DCD              TIM5_IRQHandler ; I2C1 Event
  133 000000C0 00000000        DCD              WDG_IRQHandler 
                                                            ; watch dog handle
  134 000000C4 00000000        DCD              PMU_IRQHandler ; I2C2 Event
  135 000000C8 00000000        DCD              FLASH_IRQHandler ; I2C2 Error
  136 000000CC 00000000        DCD              PWM_IRQHandler ; SPI1
  137 000000D0 00000000        DCD              I2S_IRQHandler ; SPI2
  138 000000D4 00000000        DCD              PMU_RTC_IRQHandler
  139 000000D8 00000000        DCD              RSA_IRQHandler
  140 000000DC 00000000        DCD              CRYPTION_IRQHandler ;CRYPTION
  141 000000E0 00000000        DCD              GPIOB_IRQHandler ; GBIOB
  142 000000E4 00000000        DCD              UART2_IRQHandler ; USART1
  143 000000E8         ;               DCD     ENCRYPTO_IRQHandler          ; E
                       NCRYPTO
  144 000000E8 00000000        DCD              0           ;
  145 000000EC         __Vectors_End
  146 000000EC         
  147 000000EC 000000EC 
                       __Vectors_Size
                               EQU              __Vectors_End - __Vectors
  148 000000EC         
  149 000000EC                 AREA             |.text|, CODE, READONLY
  150 00000000         
  151 00000000         ; Reset handler
  152 00000000         Reset_Handler
                               PROC
  153 00000000                 EXPORT           Reset_Handler             [WEAK
]
  154 00000000                 IMPORT           __main
  155 00000000                 IMPORT           Uart0Init
  156 00000000 4807            LDR              R0, =Uart0Init
  157 00000002 4780            BLX              R0
  158 00000004 F04F 0000       MOV              R0, #0
  159 00000008 F380 8810       MSR              PRIMASK,R0
  160 0000000C 4805            LDR              R0, =__main
  161 0000000E 4700            BX               R0
  162 00000010                 ENDP
  163 00000010         
  164 00000010         ; Dummy Exception Handlers (infinite loops which can be 
                       modified)
  165 00000010         
  166 00000010         NMI_Handler
                               PROC
  167 00000010                 EXPORT           NMI_Handler                [WEA
K]
  168 00000010 E7FE            B                .
  169 00000012                 ENDP
  171 00000012         HardFault_Handler



ARM Macro Assembler    Page 5 


                               PROC
  172 00000012                 EXPORT           HardFault_Handler          [WEA
K]
  173 00000012 E7FE            B                .
  174 00000014                 ENDP
  176 00000014         MemManage_Handler
                               PROC
  177 00000014                 EXPORT           MemManage_Handler          [WEA
K]
  178 00000014 E7FE            B                .
  179 00000016                 ENDP
  181 00000016         BusFault_Handler
                               PROC
  182 00000016                 EXPORT           BusFault_Handler           [WEA
K]
  183 00000016 E7FE            B                .
  184 00000018                 ENDP
  186 00000018         UsageFault_Handler
                               PROC
  187 00000018                 EXPORT           UsageFault_Handler         [WEA
K]
  188 00000018 E7FE            B                .
  189 0000001A                 ENDP
  190 0000001A         SVC_Handler
                               PROC
  191 0000001A                 EXPORT           SVC_Handler                [WEA
K]
  192 0000001A E7FE            B                .
  193 0000001C                 ENDP
  195 0000001C         DebugMon_Handler
                               PROC
  196 0000001C                 EXPORT           DebugMon_Handler           [WEA
K]
  197 0000001C E7FE            B                .
  198 0000001E                 ENDP
  199 0000001E         ;PendSV_Handler  PROC
  200 0000001E         ;                EXPORT  PendSV_Handler             [WEA
                       K]
  201 0000001E         ;                B       .
  202 0000001E         ;                ENDP
  203 0000001E         ;SysTick_Handler PROC
  204 0000001E         ;                EXPORT  SysTick_Handler            [WEA
                       K]
  205 0000001E         ;                B       .
  206 0000001E         ;                ENDP
  207 0000001E         
  208 0000001E         Default_Handler
                               PROC
  209 0000001E         
  210 0000001E                 EXPORT           SDIO_RX_IRQHandler         [WEA
K]
  211 0000001E                 EXPORT           SDIO_TX_IRQHandler         [WEA
K]
  212 0000001E                 EXPORT           SDIO_RX_CMD_IRQHandler     [WEA
K]
  213 0000001E                 EXPORT           SDIO_TX_CMD_IRQHandler     [WEA
K]
  214 0000001E         ;               EXPORT  MAC_IRQHandler             [WEAK
                       ]



ARM Macro Assembler    Page 6 


  215 0000001E                 EXPORT           RSV_IRQHandler             [WEA
K]
  216 0000001E         ;               EXPORT  SEC_RX_IRQHandler          [WEAK
                       ]
  217 0000001E         ;               EXPORT  SEC_TX_MNGT_IRQHandler     [WEAK
                       ]
  218 0000001E         ;               EXPORT  SEC_TX_DAT_IRQHandler      [WEAK
                       ]
  219 0000001E                 EXPORT           PMU_RTC_IRQHandler         [WEA
K]
  220 0000001E                 EXPORT           PMU_TIMER1_IRQHandler       [WE
AK] 
                                                            ; pmu_timer1
  221 0000001E                 EXPORT           PMU_TIMER0_IRQHandler       [WE
AK] 
                                                            ; pmu_timer0
  222 0000001E                 EXPORT           PMU_GPIO_WAKE_IRQHandler    [WE
AK] 
                                                            ; gpio
  223 0000001E                 EXPORT           PMU_SDIO_WAKE_IRQHandler   [WEA
K]
  224 0000001E                 EXPORT           DMA_Channel0_IRQHandler   [WEAK
]
  225 0000001E                 EXPORT           DMA_Channel1_IRQHandler   [WEAK
]
  226 0000001E                 EXPORT           DMA_Channel2_IRQHandler   [WEAK
]
  227 0000001E                 EXPORT           DMA_Channel3_IRQHandler   [WEAK
]
  228 0000001E                 EXPORT           DMA_Channel4_7_IRQHandler [WEAK
]
  229 0000001E                 EXPORT           DMA_BRUST_IRQHandler       [WEA
K]
  230 0000001E                 EXPORT           I2C_IRQHandler       [WEAK]
  231 0000001E                 EXPORT           ADC_IRQHandler       [WEAK]
  232 0000001E                 EXPORT           SPI_LS_IRQHandler          [WEA
K]
  233 0000001E                 EXPORT           SPI_HS_IRQHandler          [WEA
K]
  234 0000001E         ;                EXPORT  UART0_IRQHandler           [WEA
                       K]
  235 0000001E         ;                EXPORT  UART1_IRQHandler           [WEA
                       K]
  236 0000001E                 EXPORT           GPIOA_IRQHandler            [WE
AK]
  237 0000001E         ;                EXPORT  TIM0_IRQHandler            [WEA
                       K]
  238 0000001E         ;                EXPORT  TIM1_IRQHandler            [WEA
                       K]
  239 0000001E         ;                EXPORT  TIM2_IRQHandler            [WEA
                       K]
  240 0000001E         ;                EXPORT  TIM3_IRQHandler            [WEA
                       K]
  241 0000001E         ;                EXPORT  TIM4_IRQHandler            [WEA
                       K]
  242 0000001E         ;                EXPORT  TIM5_IRQHandler            [WEA
                       K]
  243 0000001E         ;                EXPORT  WDG_IRQHandler             [WEA
                       K]



ARM Macro Assembler    Page 7 


  244 0000001E                 EXPORT           PMU_IRQHandler              [WE
AK]
  245 0000001E                 EXPORT           FLASH_IRQHandler            [WE
AK]
  246 0000001E                 EXPORT           PWM_IRQHandler              [WE
AK]
  247 0000001E                 EXPORT           I2S_IRQHandler              [WE
AK]
  248 0000001E                 EXPORT           PMU_6IRQHandler             [WE
AK]
  249 0000001E                 EXPORT           RSA_IRQHandler          [WEAK]
  250 0000001E                 EXPORT           CRYPTION_IRQHandler         [WE
AK]
  251 0000001E                 EXPORT           GPIOB_IRQHandler         [WEAK]
  252 0000001E                 EXPORT           UART2_IRQHandler      [WEAK]
  253 0000001E         SDIO_RX_IRQHandler
  254 0000001E         SDIO_TX_IRQHandler
  255 0000001E         SDIO_RX_CMD_IRQHandler
  256 0000001E         SDIO_TX_CMD_IRQHandler
  257 0000001E         ;MAC_IRQHandler           
  258 0000001E         RSV_IRQHandler
  259 0000001E         ;SEC_RX_IRQHandler          
  260 0000001E         ;SEC_TX_MNGT_IRQHandler          
  261 0000001E         ;SEC_TX_DAT_IRQHandler          
  262 0000001E         PMU_RTC_IRQHandler
  263 0000001E         PMU_TIMER1_IRQHandler
  264 0000001E         PMU_TIMER0_IRQHandler
  265 0000001E         PMU_GPIO_WAKE_IRQHandler
  266 0000001E         PMU_SDIO_WAKE_IRQHandler
  267 0000001E         DMA_Channel0_IRQHandler
  268 0000001E         DMA_Channel1_IRQHandler
  269 0000001E         DMA_Channel2_IRQHandler
  270 0000001E         DMA_Channel3_IRQHandler
  271 0000001E         DMA_Channel4_7_IRQHandler
  272 0000001E         DMA_BRUST_IRQHandler
  273 0000001E         I2C_IRQHandler
  274 0000001E         ADC_IRQHandler
  275 0000001E         SPI_LS_IRQHandler
  276 0000001E         SPI_HS_IRQHandler
  277 0000001E         ;UART0_IRQHandler         
  278 0000001E         ;UART1_IRQHandler        
  279 0000001E         GPIOA_IRQHandler
  280 0000001E         ;TIM0_IRQHandler    
  281 0000001E         ;TIM1_IRQHandler       
  282 0000001E         ;TIM2_IRQHandler          
  283 0000001E         ;TIM3_IRQHandler           
  284 0000001E         ;TIM4_IRQHandler            
  285 0000001E         ;TIM5_IRQHandler        
  286 0000001E         ;WDG_IRQHandler         
  287 0000001E         PMU_IRQHandler
  288 0000001E         FLASH_IRQHandler
  289 0000001E         PWM_IRQHandler
  290 0000001E         I2S_IRQHandler
  291 0000001E         PMU_6IRQHandler
  292 0000001E         RSA_IRQHandler
  293 0000001E         CRYPTION_IRQHandler
  294 0000001E         GPIOB_IRQHandler
  295 0000001E         UART2_IRQHandler
  296 0000001E E7FE            B                .



ARM Macro Assembler    Page 8 


  297 00000020         
  298 00000020                 ENDP
  299 00000020         
  300 00000020                 ALIGN
  301 00000020         
  302 00000020         ;*******************************************************
                       ************************
  303 00000020         ; User Stack and Heap initialization
  304 00000020         ;*******************************************************
                       ************************
  305 00000020                 IF               :DEF:__MICROLIB
  306 00000020         
  307 00000020                 EXPORT           __initial_sp
  308 00000020                 EXPORT           __heap_base
  309 00000020                 EXPORT           __heap_limit
  310 00000020         
  311 00000020                 ELSE
  326                          ENDIF
  327 00000020         
  328 00000020                 END
              00000000 
              00000000 
Command Line: --debug --xref --diag_suppress=9931 --cpu=Cortex-M3 --apcs=interw
ork --depend=.\objs\startup_venus.d -o.\objs\startup_venus.o -I..\..\..\Include
\OS -Id:\Keil_v5\ARM\RV31\INC -Id:\Keil_v5\ARM\CMSIS\Include --predefine="__MIC
ROLIB SETA 1" --predefine="__UVISION_VERSION SETA 525" --list=.\startup_venus.l
st ..\..\..\Platform\Boot\armcc\startup_venus.s



ARM Macro Assembler    Page 1 Alphabetic symbol ordering
Relocatable symbols

STACK 00000000

Symbol: STACK
   Definitions
      At line 37 in file ..\..\..\Platform\Boot\armcc\startup_venus.s
   Uses
      None
Comment: STACK unused
Stack_Mem 00000000

Symbol: Stack_Mem
   Definitions
      At line 38 in file ..\..\..\Platform\Boot\armcc\startup_venus.s
   Uses
      None
Comment: Stack_Mem unused
__initial_sp 00000400

Symbol: __initial_sp
   Definitions
      At line 39 in file ..\..\..\Platform\Boot\armcc\startup_venus.s
   Uses
      At line 83 in file ..\..\..\Platform\Boot\armcc\startup_venus.s
      At line 307 in file ..\..\..\Platform\Boot\armcc\startup_venus.s

3 symbols



ARM Macro Assembler    Page 1 Alphabetic symbol ordering
Relocatable symbols

HEAP 00000000

Symbol: HEAP
   Definitions
      At line 47 in file ..\..\..\Platform\Boot\armcc\startup_venus.s
   Uses
      None
Comment: HEAP unused
Heap_Mem 00000000

Symbol: Heap_Mem
   Definitions
      At line 49 in file ..\..\..\Platform\Boot\armcc\startup_venus.s
   Uses
      None
Comment: Heap_Mem unused
__heap_base 00000000

Symbol: __heap_base
   Definitions
      At line 48 in file ..\..\..\Platform\Boot\armcc\startup_venus.s
   Uses
      At line 308 in file ..\..\..\Platform\Boot\armcc\startup_venus.s
Comment: __heap_base used once
__heap_limit 00010000

Symbol: __heap_limit
   Definitions
      At line 50 in file ..\..\..\Platform\Boot\armcc\startup_venus.s
   Uses
      At line 309 in file ..\..\..\Platform\Boot\armcc\startup_venus.s
Comment: __heap_limit used once
4 symbols



ARM Macro Assembler    Page 1 Alphabetic symbol ordering
Relocatable symbols

RESET 00000000

Symbol: RESET
   Definitions
      At line 57 in file ..\..\..\Platform\Boot\armcc\startup_venus.s
   Uses
      None
Comment: RESET unused
__Vectors 00000000

Symbol: __Vectors
   Definitions
      At line 83 in file ..\..\..\Platform\Boot\armcc\startup_venus.s
   Uses
      At line 58 in file ..\..\..\Platform\Boot\armcc\startup_venus.s
      At line 147 in file ..\..\..\Platform\Boot\armcc\startup_venus.s

__Vectors_End 000000EC

Symbol: __Vectors_End
   Definitions
      At line 145 in file ..\..\..\Platform\Boot\armcc\startup_venus.s
   Uses
      At line 59 in file ..\..\..\Platform\Boot\armcc\startup_venus.s
      At line 147 in file ..\..\..\Platform\Boot\armcc\startup_venus.s

3 symbols



ARM Macro Assembler    Page 1 Alphabetic symbol ordering
Relocatable symbols

.text 00000000

Symbol: .text
   Definitions
      At line 149 in file ..\..\..\Platform\Boot\armcc\startup_venus.s
   Uses
      None
Comment: .text unused
ADC_IRQHandler 0000001E

Symbol: ADC_IRQHandler
   Definitions
      At line 274 in file ..\..\..\Platform\Boot\armcc\startup_venus.s
   Uses
      At line 121 in file ..\..\..\Platform\Boot\armcc\startup_venus.s
      At line 231 in file ..\..\..\Platform\Boot\armcc\startup_venus.s

BusFault_Handler 00000016

Symbol: BusFault_Handler
   Definitions
      At line 181 in file ..\..\..\Platform\Boot\armcc\startup_venus.s
   Uses
      At line 88 in file ..\..\..\Platform\Boot\armcc\startup_venus.s
      At line 182 in file ..\..\..\Platform\Boot\armcc\startup_venus.s

CRYPTION_IRQHandler 0000001E

Symbol: CRYPTION_IRQHandler
   Definitions
      At line 293 in file ..\..\..\Platform\Boot\armcc\startup_venus.s
   Uses
      At line 140 in file ..\..\..\Platform\Boot\armcc\startup_venus.s
      At line 250 in file ..\..\..\Platform\Boot\armcc\startup_venus.s

DMA_BRUST_IRQHandler 0000001E

Symbol: DMA_BRUST_IRQHandler
   Definitions
      At line 272 in file ..\..\..\Platform\Boot\armcc\startup_venus.s
   Uses
      At line 119 in file ..\..\..\Platform\Boot\armcc\startup_venus.s
      At line 229 in file ..\..\..\Platform\Boot\armcc\startup_venus.s

DMA_Channel0_IRQHandler 0000001E

Symbol: DMA_Channel0_IRQHandler
   Definitions
      At line 267 in file ..\..\..\Platform\Boot\armcc\startup_venus.s
   Uses
      At line 114 in file ..\..\..\Platform\Boot\armcc\startup_venus.s
      At line 224 in file ..\..\..\Platform\Boot\armcc\startup_venus.s

DMA_Channel1_IRQHandler 0000001E

Symbol: DMA_Channel1_IRQHandler
   Definitions
      At line 268 in file ..\..\..\Platform\Boot\armcc\startup_venus.s
   Uses



ARM Macro Assembler    Page 2 Alphabetic symbol ordering
Relocatable symbols

      At line 115 in file ..\..\..\Platform\Boot\armcc\startup_venus.s
      At line 225 in file ..\..\..\Platform\Boot\armcc\startup_venus.s

DMA_Channel2_IRQHandler 0000001E

Symbol: DMA_Channel2_IRQHandler
   Definitions
      At line 269 in file ..\..\..\Platform\Boot\armcc\startup_venus.s
   Uses
      At line 116 in file ..\..\..\Platform\Boot\armcc\startup_venus.s
      At line 226 in file ..\..\..\Platform\Boot\armcc\startup_venus.s

DMA_Channel3_IRQHandler 0000001E

Symbol: DMA_Channel3_IRQHandler
   Definitions
      At line 270 in file ..\..\..\Platform\Boot\armcc\startup_venus.s
   Uses
      At line 117 in file ..\..\..\Platform\Boot\armcc\startup_venus.s
      At line 227 in file ..\..\..\Platform\Boot\armcc\startup_venus.s

DMA_Channel4_7_IRQHandler 0000001E

Symbol: DMA_Channel4_7_IRQHandler
   Definitions
      At line 271 in file ..\..\..\Platform\Boot\armcc\startup_venus.s
   Uses
      At line 118 in file ..\..\..\Platform\Boot\armcc\startup_venus.s
      At line 228 in file ..\..\..\Platform\Boot\armcc\startup_venus.s

DebugMon_Handler 0000001C

Symbol: DebugMon_Handler
   Definitions
      At line 195 in file ..\..\..\Platform\Boot\armcc\startup_venus.s
   Uses
      At line 95 in file ..\..\..\Platform\Boot\armcc\startup_venus.s
      At line 196 in file ..\..\..\Platform\Boot\armcc\startup_venus.s

Default_Handler 0000001E

Symbol: Default_Handler
   Definitions
      At line 208 in file ..\..\..\Platform\Boot\armcc\startup_venus.s
   Uses
      None
Comment: Default_Handler unused
FLASH_IRQHandler 0000001E

Symbol: FLASH_IRQHandler
   Definitions
      At line 288 in file ..\..\..\Platform\Boot\armcc\startup_venus.s
   Uses
      At line 135 in file ..\..\..\Platform\Boot\armcc\startup_venus.s
      At line 245 in file ..\..\..\Platform\Boot\armcc\startup_venus.s

GPIOA_IRQHandler 0000001E

Symbol: GPIOA_IRQHandler



ARM Macro Assembler    Page 3 Alphabetic symbol ordering
Relocatable symbols

   Definitions
      At line 279 in file ..\..\..\Platform\Boot\armcc\startup_venus.s
   Uses
      At line 126 in file ..\..\..\Platform\Boot\armcc\startup_venus.s
      At line 236 in file ..\..\..\Platform\Boot\armcc\startup_venus.s

GPIOB_IRQHandler 0000001E

Symbol: GPIOB_IRQHandler
   Definitions
      At line 294 in file ..\..\..\Platform\Boot\armcc\startup_venus.s
   Uses
      At line 141 in file ..\..\..\Platform\Boot\armcc\startup_venus.s
      At line 251 in file ..\..\..\Platform\Boot\armcc\startup_venus.s

HardFault_Handler 00000012

Symbol: HardFault_Handler
   Definitions
      At line 171 in file ..\..\..\Platform\Boot\armcc\startup_venus.s
   Uses
      At line 86 in file ..\..\..\Platform\Boot\armcc\startup_venus.s
      At line 172 in file ..\..\..\Platform\Boot\armcc\startup_venus.s

I2C_IRQHandler 0000001E

Symbol: I2C_IRQHandler
   Definitions
      At line 273 in file ..\..\..\Platform\Boot\armcc\startup_venus.s
   Uses
      At line 120 in file ..\..\..\Platform\Boot\armcc\startup_venus.s
      At line 230 in file ..\..\..\Platform\Boot\armcc\startup_venus.s

I2S_IRQHandler 0000001E

Symbol: I2S_IRQHandler
   Definitions
      At line 290 in file ..\..\..\Platform\Boot\armcc\startup_venus.s
   Uses
      At line 137 in file ..\..\..\Platform\Boot\armcc\startup_venus.s
      At line 247 in file ..\..\..\Platform\Boot\armcc\startup_venus.s

MemManage_Handler 00000014

Symbol: MemManage_Handler
   Definitions
      At line 176 in file ..\..\..\Platform\Boot\armcc\startup_venus.s
   Uses
      At line 87 in file ..\..\..\Platform\Boot\armcc\startup_venus.s
      At line 177 in file ..\..\..\Platform\Boot\armcc\startup_venus.s

NMI_Handler 00000010

Symbol: NMI_Handler
   Definitions
      At line 166 in file ..\..\..\Platform\Boot\armcc\startup_venus.s
   Uses
      At line 85 in file ..\..\..\Platform\Boot\armcc\startup_venus.s
      At line 167 in file ..\..\..\Platform\Boot\armcc\startup_venus.s



ARM Macro Assembler    Page 4 Alphabetic symbol ordering
Relocatable symbols


PMU_6IRQHandler 0000001E

Symbol: PMU_6IRQHandler
   Definitions
      At line 291 in file ..\..\..\Platform\Boot\armcc\startup_venus.s
   Uses
      At line 248 in file ..\..\..\Platform\Boot\armcc\startup_venus.s
Comment: PMU_6IRQHandler used once
PMU_GPIO_WAKE_IRQHandler 0000001E

Symbol: PMU_GPIO_WAKE_IRQHandler
   Definitions
      At line 265 in file ..\..\..\Platform\Boot\armcc\startup_venus.s
   Uses
      At line 112 in file ..\..\..\Platform\Boot\armcc\startup_venus.s
      At line 222 in file ..\..\..\Platform\Boot\armcc\startup_venus.s

PMU_IRQHandler 0000001E

Symbol: PMU_IRQHandler
   Definitions
      At line 287 in file ..\..\..\Platform\Boot\armcc\startup_venus.s
   Uses
      At line 134 in file ..\..\..\Platform\Boot\armcc\startup_venus.s
      At line 244 in file ..\..\..\Platform\Boot\armcc\startup_venus.s

PMU_RTC_IRQHandler 0000001E

Symbol: PMU_RTC_IRQHandler
   Definitions
      At line 262 in file ..\..\..\Platform\Boot\armcc\startup_venus.s
   Uses
      At line 138 in file ..\..\..\Platform\Boot\armcc\startup_venus.s
      At line 219 in file ..\..\..\Platform\Boot\armcc\startup_venus.s

PMU_SDIO_WAKE_IRQHandler 0000001E

Symbol: PMU_SDIO_WAKE_IRQHandler
   Definitions
      At line 266 in file ..\..\..\Platform\Boot\armcc\startup_venus.s
   Uses
      At line 113 in file ..\..\..\Platform\Boot\armcc\startup_venus.s
      At line 223 in file ..\..\..\Platform\Boot\armcc\startup_venus.s

PMU_TIMER0_IRQHandler 0000001E

Symbol: PMU_TIMER0_IRQHandler
   Definitions
      At line 264 in file ..\..\..\Platform\Boot\armcc\startup_venus.s
   Uses
      At line 111 in file ..\..\..\Platform\Boot\armcc\startup_venus.s
      At line 221 in file ..\..\..\Platform\Boot\armcc\startup_venus.s

PMU_TIMER1_IRQHandler 0000001E

Symbol: PMU_TIMER1_IRQHandler
   Definitions
      At line 263 in file ..\..\..\Platform\Boot\armcc\startup_venus.s



ARM Macro Assembler    Page 5 Alphabetic symbol ordering
Relocatable symbols

   Uses
      At line 110 in file ..\..\..\Platform\Boot\armcc\startup_venus.s
      At line 220 in file ..\..\..\Platform\Boot\armcc\startup_venus.s

PWM_IRQHandler 0000001E

Symbol: PWM_IRQHandler
   Definitions
      At line 289 in file ..\..\..\Platform\Boot\armcc\startup_venus.s
   Uses
      At line 136 in file ..\..\..\Platform\Boot\armcc\startup_venus.s
      At line 246 in file ..\..\..\Platform\Boot\armcc\startup_venus.s

RSA_IRQHandler 0000001E

Symbol: RSA_IRQHandler
   Definitions
      At line 292 in file ..\..\..\Platform\Boot\armcc\startup_venus.s
   Uses
      At line 139 in file ..\..\..\Platform\Boot\armcc\startup_venus.s
      At line 249 in file ..\..\..\Platform\Boot\armcc\startup_venus.s

RSV_IRQHandler 0000001E

Symbol: RSV_IRQHandler
   Definitions
      At line 258 in file ..\..\..\Platform\Boot\armcc\startup_venus.s
   Uses
      At line 215 in file ..\..\..\Platform\Boot\armcc\startup_venus.s
Comment: RSV_IRQHandler used once
Reset_Handler 00000000

Symbol: Reset_Handler
   Definitions
      At line 152 in file ..\..\..\Platform\Boot\armcc\startup_venus.s
   Uses
      At line 84 in file ..\..\..\Platform\Boot\armcc\startup_venus.s
      At line 153 in file ..\..\..\Platform\Boot\armcc\startup_venus.s

SDIO_RX_CMD_IRQHandler 0000001E

Symbol: SDIO_RX_CMD_IRQHandler
   Definitions
      At line 255 in file ..\..\..\Platform\Boot\armcc\startup_venus.s
   Uses
      At line 103 in file ..\..\..\Platform\Boot\armcc\startup_venus.s
      At line 212 in file ..\..\..\Platform\Boot\armcc\startup_venus.s

SDIO_RX_IRQHandler 0000001E

Symbol: SDIO_RX_IRQHandler
   Definitions
      At line 253 in file ..\..\..\Platform\Boot\armcc\startup_venus.s
   Uses
      At line 101 in file ..\..\..\Platform\Boot\armcc\startup_venus.s
      At line 210 in file ..\..\..\Platform\Boot\armcc\startup_venus.s

SDIO_TX_CMD_IRQHandler 0000001E




ARM Macro Assembler    Page 6 Alphabetic symbol ordering
Relocatable symbols

Symbol: SDIO_TX_CMD_IRQHandler
   Definitions
      At line 256 in file ..\..\..\Platform\Boot\armcc\startup_venus.s
   Uses
      At line 104 in file ..\..\..\Platform\Boot\armcc\startup_venus.s
      At line 213 in file ..\..\..\Platform\Boot\armcc\startup_venus.s

SDIO_TX_IRQHandler 0000001E

Symbol: SDIO_TX_IRQHandler
   Definitions
      At line 254 in file ..\..\..\Platform\Boot\armcc\startup_venus.s
   Uses
      At line 102 in file ..\..\..\Platform\Boot\armcc\startup_venus.s
      At line 211 in file ..\..\..\Platform\Boot\armcc\startup_venus.s

SPI_HS_IRQHandler 0000001E

Symbol: SPI_HS_IRQHandler
   Definitions
      At line 276 in file ..\..\..\Platform\Boot\armcc\startup_venus.s
   Uses
      At line 123 in file ..\..\..\Platform\Boot\armcc\startup_venus.s
      At line 233 in file ..\..\..\Platform\Boot\armcc\startup_venus.s

SPI_LS_IRQHandler 0000001E

Symbol: SPI_LS_IRQHandler
   Definitions
      At line 275 in file ..\..\..\Platform\Boot\armcc\startup_venus.s
   Uses
      At line 122 in file ..\..\..\Platform\Boot\armcc\startup_venus.s
      At line 232 in file ..\..\..\Platform\Boot\armcc\startup_venus.s

SVC_Handler 0000001A

Symbol: SVC_Handler
   Definitions
      At line 190 in file ..\..\..\Platform\Boot\armcc\startup_venus.s
   Uses
      At line 94 in file ..\..\..\Platform\Boot\armcc\startup_venus.s
      At line 191 in file ..\..\..\Platform\Boot\armcc\startup_venus.s

UART2_IRQHandler 0000001E

Symbol: UART2_IRQHandler
   Definitions
      At line 295 in file ..\..\..\Platform\Boot\armcc\startup_venus.s
   Uses
      At line 142 in file ..\..\..\Platform\Boot\armcc\startup_venus.s
      At line 252 in file ..\..\..\Platform\Boot\armcc\startup_venus.s

UsageFault_Handler 00000018

Symbol: UsageFault_Handler
   Definitions
      At line 186 in file ..\..\..\Platform\Boot\armcc\startup_venus.s
   Uses
      At line 89 in file ..\..\..\Platform\Boot\armcc\startup_venus.s



ARM Macro Assembler    Page 7 Alphabetic symbol ordering
Relocatable symbols

      At line 187 in file ..\..\..\Platform\Boot\armcc\startup_venus.s

40 symbols



ARM Macro Assembler    Page 1 Alphabetic symbol ordering
Absolute symbols

Heap_Size 00010000

Symbol: Heap_Size
   Definitions
      At line 45 in file ..\..\..\Platform\Boot\armcc\startup_venus.s
   Uses
      At line 49 in file ..\..\..\Platform\Boot\armcc\startup_venus.s
Comment: Heap_Size used once
Stack_Size 00000400

Symbol: Stack_Size
   Definitions
      At line 35 in file ..\..\..\Platform\Boot\armcc\startup_venus.s
   Uses
      At line 38 in file ..\..\..\Platform\Boot\armcc\startup_venus.s
Comment: Stack_Size used once
__Vectors_Size 000000EC

Symbol: __Vectors_Size
   Definitions
      At line 147 in file ..\..\..\Platform\Boot\armcc\startup_venus.s
   Uses
      At line 60 in file ..\..\..\Platform\Boot\armcc\startup_venus.s
Comment: __Vectors_Size used once
3 symbols



ARM Macro Assembler    Page 1 Alphabetic symbol ordering
External symbols

OS_CPU_SysTickHandler 00000000

Symbol: OS_CPU_SysTickHandler
   Definitions
      At line 62 in file ..\..\..\Platform\Boot\armcc\startup_venus.s
   Uses
      At line 98 in file ..\..\..\Platform\Boot\armcc\startup_venus.s
Comment: OS_CPU_SysTickHandler used once
PendSV_Handler 00000000

Symbol: PendSV_Handler
   Definitions
      At line 61 in file ..\..\..\Platform\Boot\armcc\startup_venus.s
   Uses
      At line 97 in file ..\..\..\Platform\Boot\armcc\startup_venus.s
Comment: PendSV_Handler used once
TIM0_IRQHandler 00000000

Symbol: TIM0_IRQHandler
   Definitions
      At line 74 in file ..\..\..\Platform\Boot\armcc\startup_venus.s
   Uses
      At line 127 in file ..\..\..\Platform\Boot\armcc\startup_venus.s
Comment: TIM0_IRQHandler used once
TIM1_IRQHandler 00000000

Symbol: TIM1_IRQHandler
   Definitions
      At line 75 in file ..\..\..\Platform\Boot\armcc\startup_venus.s
   Uses
      At line 128 in file ..\..\..\Platform\Boot\armcc\startup_venus.s
Comment: TIM1_IRQHandler used once
TIM2_IRQHandler 00000000

Symbol: TIM2_IRQHandler
   Definitions
      At line 76 in file ..\..\..\Platform\Boot\armcc\startup_venus.s
   Uses
      At line 129 in file ..\..\..\Platform\Boot\armcc\startup_venus.s
Comment: TIM2_IRQHandler used once
TIM3_IRQHandler 00000000

Symbol: TIM3_IRQHandler
   Definitions
      At line 77 in file ..\..\..\Platform\Boot\armcc\startup_venus.s
   Uses
      At line 130 in file ..\..\..\Platform\Boot\armcc\startup_venus.s
Comment: TIM3_IRQHandler used once
TIM4_IRQHandler 00000000

Symbol: TIM4_IRQHandler
   Definitions
      At line 78 in file ..\..\..\Platform\Boot\armcc\startup_venus.s
   Uses
      At line 131 in file ..\..\..\Platform\Boot\armcc\startup_venus.s
Comment: TIM4_IRQHandler used once
TIM5_IRQHandler 00000000

Symbol: TIM5_IRQHandler



ARM Macro Assembler    Page 2 Alphabetic symbol ordering
External symbols

   Definitions
      At line 79 in file ..\..\..\Platform\Boot\armcc\startup_venus.s
   Uses
      At line 132 in file ..\..\..\Platform\Boot\armcc\startup_venus.s
Comment: TIM5_IRQHandler used once
UART0_IRQHandler 00000000

Symbol: UART0_IRQHandler
   Definitions
      At line 63 in file ..\..\..\Platform\Boot\armcc\startup_venus.s
   Uses
      At line 124 in file ..\..\..\Platform\Boot\armcc\startup_venus.s
Comment: UART0_IRQHandler used once
UART1_IRQHandler 00000000

Symbol: UART1_IRQHandler
   Definitions
      At line 64 in file ..\..\..\Platform\Boot\armcc\startup_venus.s
   Uses
      At line 125 in file ..\..\..\Platform\Boot\armcc\startup_venus.s
Comment: UART1_IRQHandler used once
Uart0Init 00000000

Symbol: Uart0Init
   Definitions
      At line 155 in file ..\..\..\Platform\Boot\armcc\startup_venus.s
   Uses
      At line 156 in file ..\..\..\Platform\Boot\armcc\startup_venus.s
Comment: Uart0Init used once
WDG_IRQHandler 00000000

Symbol: WDG_IRQHandler
   Definitions
      At line 80 in file ..\..\..\Platform\Boot\armcc\startup_venus.s
   Uses
      At line 133 in file ..\..\..\Platform\Boot\armcc\startup_venus.s
Comment: WDG_IRQHandler used once
__main 00000000

Symbol: __main
   Definitions
      At line 154 in file ..\..\..\Platform\Boot\armcc\startup_venus.s
   Uses
      At line 160 in file ..\..\..\Platform\Boot\armcc\startup_venus.s
Comment: __main used once
tls_wl_data_tx_isr 00000000

Symbol: tls_wl_data_tx_isr
   Definitions
      At line 67 in file ..\..\..\Platform\Boot\armcc\startup_venus.s
   Uses
      At line 109 in file ..\..\..\Platform\Boot\armcc\startup_venus.s
Comment: tls_wl_data_tx_isr used once
tls_wl_mac_isr 00000000

Symbol: tls_wl_mac_isr
   Definitions
      At line 68 in file ..\..\..\Platform\Boot\armcc\startup_venus.s
   Uses



ARM Macro Assembler    Page 3 Alphabetic symbol ordering
External symbols

      At line 105 in file ..\..\..\Platform\Boot\armcc\startup_venus.s
Comment: tls_wl_mac_isr used once
tls_wl_mgmt_tx_isr 00000000

Symbol: tls_wl_mgmt_tx_isr
   Definitions
      At line 66 in file ..\..\..\Platform\Boot\armcc\startup_venus.s
   Uses
      At line 108 in file ..\..\..\Platform\Boot\armcc\startup_venus.s
Comment: tls_wl_mgmt_tx_isr used once
tls_wl_rx_isr 00000000

Symbol: tls_wl_rx_isr
   Definitions
      At line 65 in file ..\..\..\Platform\Boot\armcc\startup_venus.s
   Uses
      At line 107 in file ..\..\..\Platform\Boot\armcc\startup_venus.s
Comment: tls_wl_rx_isr used once
17 symbols
404 symbols in table
